<?xml version="1.0" encoding="UTF-8"?>
<!-- Generated by org.testng.reporters.JUnitReportReporter -->
<testsuite name="com.tubbrApp.GoogleLoginTest" tests="1" time="5.761" ignored="2" failures="0" timestamp="05 Jul 2018 12:16:01 GMT" skipped="0" hostname="YI1003903DT" errors="0">
  <testcase name="selectaddedacc" time="5.761" classname="com.tubbrApp.GoogleLoginTest"/>
  <testcase name="setUpAppium" classname="com.tubbrApp.TestBase">
    <skipped/>
  </testcase> <!-- setUpAppium -->
  <testcase name="tearDownAppium" classname="com.tubbrApp.TestBase">
    <skipped/>
  </testcase> <!-- tearDownAppium -->
</testsuite> <!-- com.tubbrApp.GoogleLoginTest -->
