<?xml version="1.0" encoding="UTF-8"?>
<!-- Generated by org.testng.reporters.JUnitReportReporter -->
<testsuite name="com.tubbrApp.LogoutTest" tests="1" time="7.986" ignored="4" failures="0" timestamp="06 Aug 2018 14:07:57 GMT" skipped="0" hostname="YI1003903DT" errors="0">
  <testcase name="logoutTubbr" time="7.986" classname="com.tubbrApp.LogoutTest"/>
  <testcase name="setUpAppium" classname="com.tubbrApp.TestBase">
    <skipped/>
  </testcase> <!-- setUpAppium -->
  <testcase name="setUpAppium" classname="com.tubbrApp.TestBase">
    <skipped/>
  </testcase> <!-- setUpAppium -->
  <testcase name="tearDownAppium" classname="com.tubbrApp.TestBase">
    <skipped/>
  </testcase> <!-- tearDownAppium -->
  <testcase name="tearDownAppium" classname="com.tubbrApp.TestBase">
    <skipped/>
  </testcase> <!-- tearDownAppium -->
</testsuite> <!-- com.tubbrApp.LogoutTest -->
