<?xml version="1.0" encoding="UTF-8"?>
<!-- Generated by org.testng.reporters.JUnitReportReporter -->
<testsuite name="com.tubbrApp.FourSliderTest" tests="2" time="32.989" ignored="4" failures="0" timestamp="05 Jul 2018 11:02:20 GMT" skipped="0" hostname="YI1003903DT" errors="0">
  <testcase name="slideandAccept" time="1.518" classname="com.tubbrApp.FourSliderTest"/>
  <testcase name="checkfourSlider" time="31.471" classname="com.tubbrApp.FourSliderTest"/>
  <testcase name="setUpAppium" classname="com.tubbrApp.TestBase">
    <skipped/>
  </testcase> <!-- setUpAppium -->
  <testcase name="setUpAppium" classname="com.tubbrApp.TestBase">
    <skipped/>
  </testcase> <!-- setUpAppium -->
  <testcase name="tearDownAppium" classname="com.tubbrApp.TestBase">
    <skipped/>
  </testcase> <!-- tearDownAppium -->
  <testcase name="tearDownAppium" classname="com.tubbrApp.TestBase">
    <skipped/>
  </testcase> <!-- tearDownAppium -->
</testsuite> <!-- com.tubbrApp.FourSliderTest -->
