<?xml version="1.0" encoding="UTF-8"?>
<!-- Generated by org.testng.reporters.JUnitReportReporter -->
<testsuite skipped="0" hostname="YI1003903DT" name="com.tubbrApp.LoginTest" tests="4" failures="0" timestamp="13 Aug 2018 13:33:02 GMT" time="7.981" errors="0">
  <testcase name="checkLoginPage" time="1.730" classname="com.tubbrApp.LoginTest"/>
  <testcase name="checkLoginPage" time="1.670" classname="com.tubbrApp.LoginTest"/>
  <testcase name="LoginViaUsername" time="2.204" classname="com.tubbrApp.LoginTest"/>
  <testcase name="LoginViaUsername" time="2.377" classname="com.tubbrApp.LoginTest"/>
</testsuite> <!-- com.tubbrApp.LoginTest -->
