<?xml version="1.0" encoding="UTF-8"?>
<!-- Generated by org.testng.reporters.JUnitReportReporter -->
<testsuite skipped="0" hostname="YI1003903DT" name="com.tubbrApp.LaunchPageTest" tests="4" failures="0" timestamp="13 Aug 2018 13:33:02 GMT" time="6.215" errors="0">
  <testcase name="checkLaunchPage" time="3.147" classname="com.tubbrApp.LaunchPageTest"/>
  <testcase name="checkLaunchPage" time="2.819" classname="com.tubbrApp.LaunchPageTest"/>
  <testcase name="signupPage" time="0.127" classname="com.tubbrApp.LaunchPageTest"/>
  <testcase name="signupPage" time="0.122" classname="com.tubbrApp.LaunchPageTest"/>
</testsuite> <!-- com.tubbrApp.LaunchPageTest -->
